请求登录接口：
接口请求参数：{'country': 86, 'cellphone': '18059572160', 'password': 'Cleland621700', 'captcha': '', 'remember': 1, 'platform': 3, 'appid': 1, 'source': ''}
----------------------------------------
请求获取课程列表接口：
接口请求参数：{'desc': 'true', 'expire': 1, 'last_learn': 0, 'learn_status': 0, 'prev': 0, 'size': 20, 'sort': 1, 'type': '', 'with_learn_count': 1}
----------------------------------------
请求获取文章列表接口：
接口请求参数：{'cid': 100053301, 'size': 100, 'prev': 0, 'order': 'earliest', 'sample': 'false'}
----------------------------------------
请求获取文章列表接口：
接口请求参数：{'cid': 100021201, 'size': 100, 'prev': 0, 'order': 'earliest', 'sample': 'false'}
----------------------------------------
请求获取文章列表接口：
接口请求参数：{'cid': 100024701, 'size': 100, 'prev': 0, 'order': 'earliest', 'sample': 'false'}
----------------------------------------
请求获取文章列表接口：
接口请求参数：{'cid': 100020801, 'size': 100, 'prev': 0, 'order': 'earliest', 'sample': 'false'}
----------------------------------------
请求获取文章列表接口：
接口请求参数：{'cid': 100078401, 'size': 100, 'prev': 0, 'order': 'earliest', 'sample': 'false'}
----------------------------------------
请求获取文章列表接口：
接口请求参数：{'cid': 100006701, 'size': 100, 'prev': 0, 'order': 'earliest', 'sample': 'false'}
----------------------------------------
请求获取文章列表接口：
接口请求参数：{'cid': 100081501, 'size': 100, 'prev': 0, 'order': 'earliest', 'sample': 'false'}
----------------------------------------
请求获取文章列表接口：
接口请求参数：{'cid': 100083301, 'size': 100, 'prev': 0, 'order': 'earliest', 'sample': 'false'}
----------------------------------------
请求获取文章列表接口：
接口请求参数：{'cid': 100062001, 'size': 100, 'prev': 0, 'order': 'earliest', 'sample': 'false'}
----------------------------------------
请求获取文章列表接口：
接口请求参数：{'cid': 100039701, 'size': 100, 'prev': 0, 'order': 'earliest', 'sample': 'false'}
----------------------------------------
请求获取文章列表接口：
接口请求参数：{'cid': 100033601, 'size': 100, 'prev': 0, 'order': 'earliest', 'sample': 'false'}
----------------------------------------
请求获取文章列表接口：
接口请求参数：{'cid': 100104601, 'size': 100, 'prev': 0, 'order': 'earliest', 'sample': 'false'}
----------------------------------------
请求获取文章列表接口：
接口请求参数：{'cid': 100104301, 'size': 100, 'prev': 0, 'order': 'earliest', 'sample': 'false'}
----------------------------------------
请求获取文章列表接口：
接口请求参数：{'cid': 100017301, 'size': 100, 'prev': 0, 'order': 'earliest', 'sample': 'false'}
----------------------------------------
请求获取文章列表接口：
接口请求参数：{'cid': 100051801, 'size': 100, 'prev': 0, 'order': 'earliest', 'sample': 'false'}
----------------------------------------
请求获取文章列表接口：
接口请求参数：{'cid': 100082501, 'size': 100, 'prev': 0, 'order': 'earliest', 'sample': 'false'}
----------------------------------------
请求获取文章列表接口：
接口请求参数：{'cid': 100062401, 'size': 100, 'prev': 0, 'order': 'earliest', 'sample': 'false'}
----------------------------------------
请求获取文章列表接口：
接口请求参数：{'cid': 100031101, 'size': 100, 'prev': 0, 'order': 'earliest', 'sample': 'false'}
----------------------------------------
请求获取文章列表接口：
接口请求参数：{'cid': 100070001, 'size': 100, 'prev': 0, 'order': 'earliest', 'sample': 'false'}
----------------------------------------
请求获取文章列表接口：
接口请求参数：{'cid': 100020001, 'size': 100, 'prev': 0, 'order': 'earliest', 'sample': 'false'}
----------------------------------------
正常抓取完成。
